<?xml version="1.0" encoding="UTF-8"?>
<testng-results skipped="0" failed="0" total="1" passed="1">
  <reporter-output>
  </reporter-output>
  <suite name="Live Test Cases Suite" duration-ms="130052" started-at="2016-07-07T14:22:24Z" finished-at="2016-07-07T14:24:34Z">
    <groups>
    </groups>
    <test name="Live Tests" duration-ms="130052" started-at="2016-07-07T14:22:24Z" finished-at="2016-07-07T14:24:34Z">
      <class name="com.SchoolOfDragons.SchoolOfDragons_Live_CreateAge12AuthorisedUser.TestCase5">
        <test-method status="PASS" signature="setUp()[pri:0, instance:com.SchoolOfDragons.SchoolOfDragons_Live_CreateAge12AuthorisedUser.TestCase5@4b9e13df]" name="setUp" is-config="true" duration-ms="103" started-at="2016-07-07T19:52:24Z" finished-at="2016-07-07T19:52:24Z">
          <reporter-output>
          </reporter-output>
        </test-method> <!-- setUp -->
        <test-method status="PASS" signature="createNewUserAge12()[pri:0, instance:com.SchoolOfDragons.SchoolOfDragons_Live_CreateAge12AuthorisedUser.TestCase5@4b9e13df]" name="createNewUserAge12" duration-ms="129663" started-at="2016-07-07T19:52:24Z" finished-at="2016-07-07T19:54:34Z">
          <reporter-output>
          </reporter-output>
        </test-method> <!-- createNewUserAge12 -->
        <test-method status="PASS" signature="afterTest(org.testng.ITestResult)[pri:0, instance:com.SchoolOfDragons.SchoolOfDragons_Live_CreateAge12AuthorisedUser.TestCase5@4b9e13df]" name="afterTest" is-config="true" duration-ms="0" started-at="2016-07-07T19:54:34Z" finished-at="2016-07-07T19:54:34Z">
          <params>
            <param index="0">
              <value>
                <![CDATA[[TestResult name=createNewUserAge12 status=SUCCESS method=TestCase5.createNewUserAge12()[pri:0, instance:com.SchoolOfDragons.SchoolOfDragons_Live_CreateAge12AuthorisedUser.TestCase5@4b9e13df] output={null}]]]>
              </value>
            </param>
          </params>
          <reporter-output>
          </reporter-output>
        </test-method> <!-- afterTest -->
        <test-method status="PASS" signature="tearDown()[pri:0, instance:com.SchoolOfDragons.SchoolOfDragons_Live_CreateAge12AuthorisedUser.TestCase5@4b9e13df]" name="tearDown" is-config="true" duration-ms="269" started-at="2016-07-07T19:54:34Z" finished-at="2016-07-07T19:54:34Z">
          <reporter-output>
          </reporter-output>
        </test-method> <!-- tearDown -->
      </class> <!-- com.SchoolOfDragons.SchoolOfDragons_Live_CreateAge12AuthorisedUser.TestCase5 -->
    </test> <!-- Live Tests -->
  </suite> <!-- Live Test Cases Suite -->
</testng-results>
